\BOOKMARK [0][-]{chapter.1}{\376\377\000J\000u\000s\000t\000i\000n\000e\000\040\000-\000\040\000t\000h\000i\000s\000\040\000i\000s\000\040\000a\000\040\000r\000a\000p\000i\000d\000\040\000p\000r\000o\000t\000o\000t\000y\000p\000e\000\040\000f\000o\000r\000\040\000d\000e\000v\000e\000l\000o\000p\000m\000e\000n\000t\000\040\000o\000f\000\040\000R\000o\000b\000o\000c\000a\000r\000\040\000C\000i\000t\000y\000\040\000E\000m\000u\000l\000a\000t\000o\000r}{}% 1
\BOOKMARK [1][-]{section.1.1}{\376\377\000I\000n\000t\000r\000o\000d\000u\000c\000t\000i\000o\000n}{chapter.1}% 2
\BOOKMARK [0][-]{chapter.2}{\376\377\000H\000i\000e\000r\000a\000r\000c\000h\000i\000c\000a\000l\000\040\000I\000n\000d\000e\000x}{}% 3
\BOOKMARK [1][-]{section.2.1}{\376\377\000C\000l\000a\000s\000s\000\040\000H\000i\000e\000r\000a\000r\000c\000h\000y}{chapter.2}% 4
\BOOKMARK [0][-]{chapter.3}{\376\377\000C\000l\000a\000s\000s\000\040\000I\000n\000d\000e\000x}{}% 5
\BOOKMARK [1][-]{section.3.1}{\376\377\000C\000l\000a\000s\000s\000\040\000L\000i\000s\000t}{chapter.3}% 6
\BOOKMARK [0][-]{chapter.4}{\376\377\000F\000i\000l\000e\000\040\000I\000n\000d\000e\000x}{}% 7
\BOOKMARK [1][-]{section.4.1}{\376\377\000F\000i\000l\000e\000\040\000L\000i\000s\000t}{chapter.4}% 8
\BOOKMARK [0][-]{chapter.5}{\376\377\000C\000l\000a\000s\000s\000\040\000D\000o\000c\000u\000m\000e\000n\000t\000a\000t\000i\000o\000n}{}% 9
\BOOKMARK [1][-]{section.5.1}{\376\377\000j\000u\000s\000t\000i\000n\000e\000:\000:\000r\000o\000b\000o\000c\000a\000r\000:\000:\000A\000n\000t\000C\000a\000r\000\040\000C\000l\000a\000s\000s\000\040\000R\000e\000f\000e\000r\000e\000n\000c\000e}{chapter.5}% 10
\BOOKMARK [2][-]{subsection.5.1.1}{\376\377\000D\000e\000t\000a\000i\000l\000e\000d\000\040\000D\000e\000s\000c\000r\000i\000p\000t\000i\000o\000n}{section.5.1}% 11
\BOOKMARK [1][-]{section.5.2}{\376\377\000j\000u\000s\000t\000i\000n\000e\000:\000:\000r\000o\000b\000o\000c\000a\000r\000:\000:\000C\000a\000r\000\040\000C\000l\000a\000s\000s\000\040\000R\000e\000f\000e\000r\000e\000n\000c\000e}{chapter.5}% 12
\BOOKMARK [2][-]{subsection.5.2.1}{\376\377\000D\000e\000t\000a\000i\000l\000e\000d\000\040\000D\000e\000s\000c\000r\000i\000p\000t\000i\000o\000n}{section.5.2}% 13
\BOOKMARK [1][-]{section.5.3}{\376\377\000j\000u\000s\000t\000i\000n\000e\000:\000:\000r\000o\000b\000o\000c\000a\000r\000:\000:\000C\000a\000r\000L\000e\000x\000e\000r\000\040\000C\000l\000a\000s\000s\000\040\000R\000e\000f\000e\000r\000e\000n\000c\000e}{chapter.5}% 14
\BOOKMARK [2][-]{subsection.5.3.1}{\376\377\000D\000e\000t\000a\000i\000l\000e\000d\000\040\000D\000e\000s\000c\000r\000i\000p\000t\000i\000o\000n}{section.5.3}% 15
\BOOKMARK [1][-]{section.5.4}{\376\377\000j\000u\000s\000t\000i\000n\000e\000:\000:\000r\000o\000b\000o\000c\000a\000r\000:\000:\000C\000o\000p\000C\000a\000r\000\040\000C\000l\000a\000s\000s\000\040\000R\000e\000f\000e\000r\000e\000n\000c\000e}{chapter.5}% 16
\BOOKMARK [2][-]{subsection.5.4.1}{\376\377\000D\000e\000t\000a\000i\000l\000e\000d\000\040\000D\000e\000s\000c\000r\000i\000p\000t\000i\000o\000n}{section.5.4}% 17
\BOOKMARK [1][-]{section.5.5}{\376\377\000j\000u\000s\000t\000i\000n\000e\000:\000:\000s\000a\000m\000p\000l\000e\000c\000l\000i\000e\000n\000t\000:\000:\000M\000y\000S\000h\000m\000C\000l\000i\000e\000n\000t\000\040\000C\000l\000a\000s\000s\000\040\000R\000e\000f\000e\000r\000e\000n\000c\000e}{chapter.5}% 18
\BOOKMARK [2][-]{subsection.5.5.1}{\376\377\000D\000e\000t\000a\000i\000l\000e\000d\000\040\000D\000e\000s\000c\000r\000i\000p\000t\000i\000o\000n}{section.5.5}% 19
\BOOKMARK [2][-]{subsection.5.5.2}{\376\377\000C\000o\000n\000s\000t\000r\000u\000c\000t\000o\000r\000\040\000\046\000\040\000D\000e\000s\000t\000r\000u\000c\000t\000o\000r\000\040\000D\000o\000c\000u\000m\000e\000n\000t\000a\000t\000i\000o\000n}{section.5.5}% 20
\BOOKMARK [3][-]{subsubsection.5.5.2.1}{\376\377\000M\000y\000S\000h\000m\000C\000l\000i\000e\000n\000t}{subsection.5.5.2}% 21
\BOOKMARK [2][-]{subsection.5.5.3}{\376\377\000M\000e\000m\000b\000e\000r\000\040\000F\000u\000n\000c\000t\000i\000o\000n\000\040\000D\000o\000c\000u\000m\000e\000n\000t\000a\000t\000i\000o\000n}{section.5.5}% 22
\BOOKMARK [3][-]{subsubsection.5.5.3.1}{\376\377\000b\000g\000l\000\137\000g\000r\000a\000p\000h}{subsection.5.5.3}% 23
\BOOKMARK [3][-]{subsubsection.5.5.3.2}{\376\377\000h\000a\000s\000B\000e\000l\000l\000m\000a\000n\000F\000o\000r\000d\000P\000a\000t\000h}{subsection.5.5.3}% 24
\BOOKMARK [3][-]{subsubsection.5.5.3.3}{\376\377\000h\000a\000s\000D\000i\000j\000k\000s\000t\000r\000a\000P\000a\000t\000h}{subsection.5.5.3}% 25
\BOOKMARK [3][-]{subsubsection.5.5.3.4}{\376\377\000n\000u\000m\000\137\000v\000e\000r\000t\000i\000c\000e\000s}{subsection.5.5.3}% 26
\BOOKMARK [3][-]{subsubsection.5.5.3.5}{\376\377\000p\000r\000i\000n\000t\000\137\000e\000d\000g\000e\000s}{subsection.5.5.3}% 27
\BOOKMARK [3][-]{subsubsection.5.5.3.6}{\376\377\000p\000r\000i\000n\000t\000\137\000v\000e\000r\000t\000i\000c\000e\000s}{subsection.5.5.3}% 28
\BOOKMARK [3][-]{subsubsection.5.5.3.7}{\376\377\000s\000t\000a\000r\000t}{subsection.5.5.3}% 29
\BOOKMARK [1][-]{section.5.6}{\376\377\000j\000u\000s\000t\000i\000n\000e\000:\000:\000r\000o\000b\000o\000c\000a\000r\000:\000:\000O\000S\000M\000R\000e\000a\000d\000e\000r\000\040\000C\000l\000a\000s\000s\000\040\000R\000e\000f\000e\000r\000e\000n\000c\000e}{chapter.5}% 30
\BOOKMARK [2][-]{subsection.5.6.1}{\376\377\000D\000e\000t\000a\000i\000l\000e\000d\000\040\000D\000e\000s\000c\000r\000i\000p\000t\000i\000o\000n}{section.5.6}% 31
\BOOKMARK [1][-]{section.5.7}{\376\377\000j\000u\000s\000t\000i\000n\000e\000:\000:\000r\000o\000b\000o\000c\000a\000r\000:\000:\000S\000h\000a\000r\000e\000d\000D\000a\000t\000a\000\040\000C\000l\000a\000s\000s\000\040\000R\000e\000f\000e\000r\000e\000n\000c\000e}{chapter.5}% 32
\BOOKMARK [2][-]{subsection.5.7.1}{\376\377\000D\000e\000t\000a\000i\000l\000e\000d\000\040\000D\000e\000s\000c\000r\000i\000p\000t\000i\000o\000n}{section.5.7}% 33
\BOOKMARK [1][-]{section.5.8}{\376\377\000j\000u\000s\000t\000i\000n\000e\000:\000:\000s\000a\000m\000p\000l\000e\000c\000l\000i\000e\000n\000t\000:\000:\000S\000h\000m\000C\000l\000i\000e\000n\000t\000\040\000C\000l\000a\000s\000s\000\040\000R\000e\000f\000e\000r\000e\000n\000c\000e}{chapter.5}% 34
\BOOKMARK [2][-]{subsection.5.8.1}{\376\377\000D\000e\000t\000a\000i\000l\000e\000d\000\040\000D\000e\000s\000c\000r\000i\000p\000t\000i\000o\000n}{section.5.8}% 35
\BOOKMARK [2][-]{subsection.5.8.2}{\376\377\000C\000o\000n\000s\000t\000r\000u\000c\000t\000o\000r\000\040\000\046\000\040\000D\000e\000s\000t\000r\000u\000c\000t\000o\000r\000\040\000D\000o\000c\000u\000m\000e\000n\000t\000a\000t\000i\000o\000n}{section.5.8}% 36
\BOOKMARK [3][-]{subsubsection.5.8.2.1}{\376\377\000S\000h\000m\000C\000l\000i\000e\000n\000t}{subsection.5.8.2}% 37
\BOOKMARK [2][-]{subsection.5.8.3}{\376\377\000M\000e\000m\000b\000e\000r\000\040\000F\000u\000n\000c\000t\000i\000o\000n\000\040\000D\000o\000c\000u\000m\000e\000n\000t\000a\000t\000i\000o\000n}{section.5.8}% 38
\BOOKMARK [3][-]{subsubsection.5.8.3.1}{\376\377\000a\000l\000i\000s\000t}{subsection.5.8.3}% 39
\BOOKMARK [3][-]{subsubsection.5.8.3.2}{\376\377\000g\000e\000t\000\137\000r\000a\000n\000d\000o\000m\000\137\000n\000o\000d\000e}{subsection.5.8.3}% 40
\BOOKMARK [3][-]{subsubsection.5.8.3.3}{\376\377\000n\000u\000m\000\137\000e\000d\000g\000e\000s}{subsection.5.8.3}% 41
\BOOKMARK [3][-]{subsubsection.5.8.3.4}{\376\377\000s\000t\000a\000r\000t}{subsection.5.8.3}% 42
\BOOKMARK [1][-]{section.5.9}{\376\377\000j\000u\000s\000t\000i\000n\000e\000:\000:\000r\000o\000b\000o\000c\000a\000r\000:\000:\000S\000m\000a\000r\000t\000C\000a\000r\000\040\000C\000l\000a\000s\000s\000\040\000R\000e\000f\000e\000r\000e\000n\000c\000e}{chapter.5}% 43
\BOOKMARK [2][-]{subsection.5.9.1}{\376\377\000D\000e\000t\000a\000i\000l\000e\000d\000\040\000D\000e\000s\000c\000r\000i\000p\000t\000i\000o\000n}{section.5.9}% 44
\BOOKMARK [1][-]{section.5.10}{\376\377\000j\000u\000s\000t\000i\000n\000e\000:\000:\000r\000o\000b\000o\000c\000a\000r\000:\000:\000S\000m\000a\000r\000t\000C\000i\000t\000y\000\040\000C\000l\000a\000s\000s\000\040\000R\000e\000f\000e\000r\000e\000n\000c\000e}{chapter.5}% 45
\BOOKMARK [2][-]{subsection.5.10.1}{\376\377\000D\000e\000t\000a\000i\000l\000e\000d\000\040\000D\000e\000s\000c\000r\000i\000p\000t\000i\000o\000n}{section.5.10}% 46
\BOOKMARK [1][-]{section.5.11}{\376\377\000j\000u\000s\000t\000i\000n\000e\000:\000:\000r\000o\000b\000o\000c\000a\000r\000:\000:\000T\000r\000a\000f\000f\000i\000c\000\040\000C\000l\000a\000s\000s\000\040\000R\000e\000f\000e\000r\000e\000n\000c\000e}{chapter.5}% 47
\BOOKMARK [2][-]{subsection.5.11.1}{\376\377\000D\000e\000t\000a\000i\000l\000e\000d\000\040\000D\000e\000s\000c\000r\000i\000p\000t\000i\000o\000n}{section.5.11}% 48
\BOOKMARK [1][-]{section.5.12}{\376\377\000y\000y\000\137\000b\000u\000f\000f\000e\000r\000\137\000s\000t\000a\000t\000e\000\040\000S\000t\000r\000u\000c\000t\000\040\000R\000e\000f\000e\000r\000e\000n\000c\000e}{chapter.5}% 49
\BOOKMARK [2][-]{subsection.5.12.1}{\376\377\000D\000e\000t\000a\000i\000l\000e\000d\000\040\000D\000e\000s\000c\000r\000i\000p\000t\000i\000o\000n}{section.5.12}% 50
\BOOKMARK [2][-]{subsection.5.12.2}{\376\377\000M\000e\000m\000b\000e\000r\000\040\000D\000a\000t\000a\000\040\000D\000o\000c\000u\000m\000e\000n\000t\000a\000t\000i\000o\000n}{section.5.12}% 51
\BOOKMARK [3][-]{subsubsection.5.12.2.1}{\376\377\000y\000y\000\137\000b\000s\000\137\000c\000o\000l\000u\000m\000n}{subsection.5.12.2}% 52
\BOOKMARK [3][-]{subsubsection.5.12.2.2}{\376\377\000y\000y\000\137\000b\000s\000\137\000l\000i\000n\000e\000n\000o}{subsection.5.12.2}% 53
\BOOKMARK [1][-]{section.5.13}{\376\377\000y\000y\000\137\000t\000r\000a\000n\000s\000\137\000i\000n\000f\000o\000\040\000S\000t\000r\000u\000c\000t\000\040\000R\000e\000f\000e\000r\000e\000n\000c\000e}{chapter.5}% 54
\BOOKMARK [2][-]{subsection.5.13.1}{\376\377\000D\000e\000t\000a\000i\000l\000e\000d\000\040\000D\000e\000s\000c\000r\000i\000p\000t\000i\000o\000n}{section.5.13}% 55
\BOOKMARK [0][-]{chapter.6}{\376\377\000F\000i\000l\000e\000\040\000D\000o\000c\000u\000m\000e\000n\000t\000a\000t\000i\000o\000n}{}% 56
\BOOKMARK [1][-]{section.6.1}{\376\377\000s\000r\000c\000/\000c\000a\000r\000.\000c\000p\000p\000\040\000F\000i\000l\000e\000\040\000R\000e\000f\000e\000r\000e\000n\000c\000e}{chapter.6}% 57
\BOOKMARK [2][-]{subsection.6.1.1}{\376\377\000D\000e\000t\000a\000i\000l\000e\000d\000\040\000D\000e\000s\000c\000r\000i\000p\000t\000i\000o\000n}{section.6.1}% 58
\BOOKMARK [2][-]{subsection.6.1.2}{\376\377\000L\000I\000C\000E\000N\000S\000E}{section.6.1}% 59
\BOOKMARK [2][-]{subsection.6.1.3}{\376\377\000D\000E\000S\000C\000R\000I\000P\000T\000I\000O\000N}{section.6.1}% 60
\BOOKMARK [1][-]{section.6.2}{\376\377\000s\000r\000c\000/\000c\000a\000r\000.\000h\000p\000p\000\040\000F\000i\000l\000e\000\040\000R\000e\000f\000e\000r\000e\000n\000c\000e}{chapter.6}% 61
\BOOKMARK [2][-]{subsection.6.2.1}{\376\377\000D\000e\000t\000a\000i\000l\000e\000d\000\040\000D\000e\000s\000c\000r\000i\000p\000t\000i\000o\000n}{section.6.2}% 62
\BOOKMARK [2][-]{subsection.6.2.2}{\376\377\000L\000I\000C\000E\000N\000S\000E}{section.6.2}% 63
\BOOKMARK [2][-]{subsection.6.2.3}{\376\377\000D\000E\000S\000C\000R\000I\000P\000T\000I\000O\000N}{section.6.2}% 64
\BOOKMARK [1][-]{section.6.3}{\376\377\000s\000r\000c\000/\000c\000a\000r\000l\000e\000x\000e\000r\000.\000h\000p\000p\000\040\000F\000i\000l\000e\000\040\000R\000e\000f\000e\000r\000e\000n\000c\000e}{chapter.6}% 65
\BOOKMARK [2][-]{subsection.6.3.1}{\376\377\000D\000e\000t\000a\000i\000l\000e\000d\000\040\000D\000e\000s\000c\000r\000i\000p\000t\000i\000o\000n}{section.6.3}% 66
\BOOKMARK [2][-]{subsection.6.3.2}{\376\377\000L\000I\000C\000E\000N\000S\000E}{section.6.3}% 67
\BOOKMARK [2][-]{subsection.6.3.3}{\376\377\000D\000E\000S\000C\000R\000I\000P\000T\000I\000O\000N}{section.6.3}% 68
\BOOKMARK [1][-]{section.6.4}{\376\377\000s\000r\000c\000/\000m\000a\000i\000n\000p\000a\000g\000e\000.\000h\000\040\000F\000i\000l\000e\000\040\000R\000e\000f\000e\000r\000e\000n\000c\000e}{chapter.6}% 69
\BOOKMARK [2][-]{subsection.6.4.1}{\376\377\000D\000e\000t\000a\000i\000l\000e\000d\000\040\000D\000e\000s\000c\000r\000i\000p\000t\000i\000o\000n}{section.6.4}% 70
\BOOKMARK [1][-]{section.6.5}{\376\377\000s\000r\000c\000/\000m\000y\000s\000h\000m\000c\000l\000i\000e\000n\000t\000-\000m\000a\000i\000n\000.\000c\000p\000p\000\040\000F\000i\000l\000e\000\040\000R\000e\000f\000e\000r\000e\000n\000c\000e}{chapter.6}% 71
\BOOKMARK [2][-]{subsection.6.5.1}{\376\377\000D\000e\000t\000a\000i\000l\000e\000d\000\040\000D\000e\000s\000c\000r\000i\000p\000t\000i\000o\000n}{section.6.5}% 72
\BOOKMARK [2][-]{subsection.6.5.2}{\376\377\000L\000I\000C\000E\000N\000S\000E}{section.6.5}% 73
\BOOKMARK [2][-]{subsection.6.5.3}{\376\377\000D\000E\000S\000C\000R\000I\000P\000T\000I\000O\000N}{section.6.5}% 74
\BOOKMARK [1][-]{section.6.6}{\376\377\000s\000r\000c\000/\000m\000y\000s\000h\000m\000c\000l\000i\000e\000n\000t\000.\000c\000p\000p\000\040\000F\000i\000l\000e\000\040\000R\000e\000f\000e\000r\000e\000n\000c\000e}{chapter.6}% 75
\BOOKMARK [2][-]{subsection.6.6.1}{\376\377\000D\000e\000t\000a\000i\000l\000e\000d\000\040\000D\000e\000s\000c\000r\000i\000p\000t\000i\000o\000n}{section.6.6}% 76
\BOOKMARK [2][-]{subsection.6.6.2}{\376\377\000L\000I\000C\000E\000N\000S\000E}{section.6.6}% 77
\BOOKMARK [2][-]{subsection.6.6.3}{\376\377\000D\000E\000S\000C\000R\000I\000P\000T\000I\000O\000N}{section.6.6}% 78
\BOOKMARK [1][-]{section.6.7}{\376\377\000s\000r\000c\000/\000m\000y\000s\000h\000m\000c\000l\000i\000e\000n\000t\000.\000h\000p\000p\000\040\000F\000i\000l\000e\000\040\000R\000e\000f\000e\000r\000e\000n\000c\000e}{chapter.6}% 79
\BOOKMARK [2][-]{subsection.6.7.1}{\376\377\000D\000e\000t\000a\000i\000l\000e\000d\000\040\000D\000e\000s\000c\000r\000i\000p\000t\000i\000o\000n}{section.6.7}% 80
\BOOKMARK [2][-]{subsection.6.7.2}{\376\377\000L\000I\000C\000E\000N\000S\000E}{section.6.7}% 81
\BOOKMARK [2][-]{subsection.6.7.3}{\376\377\000D\000E\000S\000C\000R\000I\000P\000T\000I\000O\000N}{section.6.7}% 82
\BOOKMARK [1][-]{section.6.8}{\376\377\000s\000r\000c\000/\000o\000s\000m\000r\000e\000a\000d\000e\000r\000.\000h\000p\000p\000\040\000F\000i\000l\000e\000\040\000R\000e\000f\000e\000r\000e\000n\000c\000e}{chapter.6}% 83
\BOOKMARK [2][-]{subsection.6.8.1}{\376\377\000D\000e\000t\000a\000i\000l\000e\000d\000\040\000D\000e\000s\000c\000r\000i\000p\000t\000i\000o\000n}{section.6.8}% 84
\BOOKMARK [2][-]{subsection.6.8.2}{\376\377\000L\000I\000C\000E\000N\000S\000E}{section.6.8}% 85
\BOOKMARK [2][-]{subsection.6.8.3}{\376\377\000D\000E\000S\000C\000R\000I\000P\000T\000I\000O\000N}{section.6.8}% 86
\BOOKMARK [1][-]{section.6.9}{\376\377\000s\000r\000c\000/\000s\000h\000m\000c\000l\000i\000e\000n\000t\000-\000m\000a\000i\000n\000.\000c\000p\000p\000\040\000F\000i\000l\000e\000\040\000R\000e\000f\000e\000r\000e\000n\000c\000e}{chapter.6}% 87
\BOOKMARK [2][-]{subsection.6.9.1}{\376\377\000D\000e\000t\000a\000i\000l\000e\000d\000\040\000D\000e\000s\000c\000r\000i\000p\000t\000i\000o\000n}{section.6.9}% 88
\BOOKMARK [2][-]{subsection.6.9.2}{\376\377\000L\000I\000C\000E\000N\000S\000E}{section.6.9}% 89
\BOOKMARK [2][-]{subsection.6.9.3}{\376\377\000D\000E\000S\000C\000R\000I\000P\000T\000I\000O\000N}{section.6.9}% 90
\BOOKMARK [1][-]{section.6.10}{\376\377\000s\000r\000c\000/\000s\000h\000m\000c\000l\000i\000e\000n\000t\000.\000c\000p\000p\000\040\000F\000i\000l\000e\000\040\000R\000e\000f\000e\000r\000e\000n\000c\000e}{chapter.6}% 91
\BOOKMARK [2][-]{subsection.6.10.1}{\376\377\000D\000e\000t\000a\000i\000l\000e\000d\000\040\000D\000e\000s\000c\000r\000i\000p\000t\000i\000o\000n}{section.6.10}% 92
\BOOKMARK [2][-]{subsection.6.10.2}{\376\377\000L\000I\000C\000E\000N\000S\000E}{section.6.10}% 93
\BOOKMARK [2][-]{subsection.6.10.3}{\376\377\000D\000E\000S\000C\000R\000I\000P\000T\000I\000O\000N}{section.6.10}% 94
\BOOKMARK [1][-]{section.6.11}{\376\377\000s\000r\000c\000/\000s\000h\000m\000c\000l\000i\000e\000n\000t\000.\000h\000p\000p\000\040\000F\000i\000l\000e\000\040\000R\000e\000f\000e\000r\000e\000n\000c\000e}{chapter.6}% 95
\BOOKMARK [2][-]{subsection.6.11.1}{\376\377\000D\000e\000t\000a\000i\000l\000e\000d\000\040\000D\000e\000s\000c\000r\000i\000p\000t\000i\000o\000n}{section.6.11}% 96
\BOOKMARK [2][-]{subsection.6.11.2}{\376\377\000L\000I\000C\000E\000N\000S\000E}{section.6.11}% 97
\BOOKMARK [2][-]{subsection.6.11.3}{\376\377\000D\000E\000S\000C\000R\000I\000P\000T\000I\000O\000N}{section.6.11}% 98
\BOOKMARK [1][-]{section.6.12}{\376\377\000s\000r\000c\000/\000s\000m\000a\000r\000t\000c\000i\000t\000y\000.\000h\000p\000p\000\040\000F\000i\000l\000e\000\040\000R\000e\000f\000e\000r\000e\000n\000c\000e}{chapter.6}% 99
\BOOKMARK [2][-]{subsection.6.12.1}{\376\377\000D\000e\000t\000a\000i\000l\000e\000d\000\040\000D\000e\000s\000c\000r\000i\000p\000t\000i\000o\000n}{section.6.12}% 100
\BOOKMARK [2][-]{subsection.6.12.2}{\376\377\000L\000I\000C\000E\000N\000S\000E}{section.6.12}% 101
\BOOKMARK [2][-]{subsection.6.12.3}{\376\377\000D\000E\000S\000C\000R\000I\000P\000T\000I\000O\000N}{section.6.12}% 102
\BOOKMARK [1][-]{section.6.13}{\376\377\000s\000r\000c\000/\000t\000r\000a\000f\000f\000i\000c\000-\000m\000a\000i\000n\000.\000c\000p\000p\000\040\000F\000i\000l\000e\000\040\000R\000e\000f\000e\000r\000e\000n\000c\000e}{chapter.6}% 103
\BOOKMARK [2][-]{subsection.6.13.1}{\376\377\000D\000e\000t\000a\000i\000l\000e\000d\000\040\000D\000e\000s\000c\000r\000i\000p\000t\000i\000o\000n}{section.6.13}% 104
\BOOKMARK [2][-]{subsection.6.13.2}{\376\377\000L\000I\000C\000E\000N\000S\000E}{section.6.13}% 105
\BOOKMARK [2][-]{subsection.6.13.3}{\376\377\000D\000E\000S\000C\000R\000I\000P\000T\000I\000O\000N}{section.6.13}% 106
\BOOKMARK [1][-]{section.6.14}{\376\377\000s\000r\000c\000/\000t\000r\000a\000f\000f\000i\000c\000.\000c\000p\000p\000\040\000F\000i\000l\000e\000\040\000R\000e\000f\000e\000r\000e\000n\000c\000e}{chapter.6}% 107
\BOOKMARK [2][-]{subsection.6.14.1}{\376\377\000D\000e\000t\000a\000i\000l\000e\000d\000\040\000D\000e\000s\000c\000r\000i\000p\000t\000i\000o\000n}{section.6.14}% 108
\BOOKMARK [2][-]{subsection.6.14.2}{\376\377\000L\000I\000C\000E\000N\000S\000E}{section.6.14}% 109
\BOOKMARK [2][-]{subsection.6.14.3}{\376\377\000D\000E\000S\000C\000R\000I\000P\000T\000I\000O\000N}{section.6.14}% 110
\BOOKMARK [0][-]{section*.46}{\376\377\000I\000n\000d\000e\000x}{}% 111
